commit 34b00fc2895fe6af0753b5db885da19bea079050
Author: Lakhwinder Singh <lakhwinderpalsingh@csus.edu>
Date:   Mon Feb 12 10:13:40 2018 -0800

    reworking the code by using abstract data type

commit bf005709b37fa10da373692f6ce981d392cd1d7d
Author: Lakhwinder Singh <lakhwinderpalsingh@csus.edu>
Date:   Sat Feb 10 19:26:52 2018 -0800

    Fixing logic for checking if task is started or not yet

commit 1e934712aeb425b71b55424eda3790e07ed2c6b7
Author: Lakhwinder Singh <lakhwinderpalsingh@csus.edu>
Date:   Sat Feb 10 19:14:31 2018 -0800

    Second commit

commit 137a49ddb81cbafefdb1d72da512d2b9c271413d
Author: Lakhwinder Singh <lakhwinderpalsingh@csus.edu>
Date:   Sat Feb 10 18:48:53 2018 -0800

    Commiting git.log

commit 7dfa7e14875e2c6000f915c8173d3b6e9ac08e03
Author: Lakhwinder Singh <lakhwinderpalsingh@csus.edu>
Date:   Sat Feb 10 18:47:42 2018 -0800

    Initial commit
